<?xml version="1.0" encoding="UTF-8"?>
<!-- Generated by org.testng.reporters.JUnitReportReporter -->
<testsuite skipped="0" hostname="AbinashHP" name="com.actitime.testScript.createCustomer" tests="1" failures="0" timestamp="2022-11-27T10:18:48 IST" time="0.009" errors="0">
  <testcase name="createCustomer" time="0.009" classname="com.actitime.testScript.createCustomer"/>
  <system-out>
    <![CDATA[Create Customer]]>
  </system-out>
</testsuite> <!-- com.actitime.testScript.createCustomer -->
