<?xml version="1.0" encoding="UTF-8"?>
<!-- Generated by org.testng.reporters.JUnitReportReporter -->
<testsuite skipped="0" hostname="AbinashHP" name="com.projectautomate.testscript.login" tests="1" failures="0" timestamp="2022-11-15T19:54:43 IST" time="2.719" errors="0">
  <testcase name="login" time="2.719" classname="com.projectautomate.testscript.login"/>
  <system-out>
    <![CDATA[login]]>
  </system-out>
</testsuite> <!-- com.projectautomate.testscript.login -->
