<?xml version="1.0" encoding="UTF-8"?>
<!-- Generated by org.testng.reporters.JUnitReportReporter -->
<testsuite skipped="0" hostname="AbinashHP" name="com.actiTime.tetscript.CreateCutomer" tests="1" failures="0" timestamp="2022-11-03T23:01:09 IST" time="79.894" errors="0">
  <testcase name="createCustomer" time="79.894" classname="com.actiTime.tetscript.CreateCutomer"/>
  <system-out>
    <![CDATA[create customer]]>
  </system-out>
</testsuite> <!-- com.actiTime.tetscript.CreateCutomer -->
